<?xml version="1.0" encoding="UTF-8"?>
<testng-results skipped="0" failed="0" ignored="0" total="1" passed="1">
  <reporter-output>
  </reporter-output>
  <suite name="Default suite" duration-ms="10759" started-at="2016-12-19T16:12:57Z" finished-at="2016-12-19T16:13:08Z">
    <groups>
    </groups>
    <test name="Default test" duration-ms="10759" started-at="2016-12-19T16:12:57Z" finished-at="2016-12-19T16:13:08Z">
      <class name="com.uolet.casos.teste.EfetuandoLoginValido">
        <test-method status="PASS" signature="antesTeste()[pri:0, instance:com.uolet.casos.teste.EfetuandoLoginValido@7d9d1a19]" name="antesTeste" is-config="true" duration-ms="4133" started-at="2016-12-19T14:12:57Z" finished-at="2016-12-19T14:13:01Z">
          <reporter-output>
          </reporter-output>
        </test-method> <!-- antesTeste -->
        <test-method status="PASS" signature="entrandoPaginaEditorUsuarioValido()[pri:0, instance:com.uolet.casos.teste.EfetuandoLoginValido@7d9d1a19]" name="entrandoPaginaEditorUsuarioValido" duration-ms="6474" started-at="2016-12-19T14:13:01Z" description="Entrando na pagina do editor, logando na pagina login com usuario valido" finished-at="2016-12-19T14:13:07Z">
          <reporter-output>
          </reporter-output>
        </test-method> <!-- entrandoPaginaEditorUsuarioValido -->
        <test-method status="PASS" signature="tearDown()[pri:0, instance:com.uolet.casos.teste.EfetuandoLoginValido@7d9d1a19]" name="tearDown" is-config="true" duration-ms="83" started-at="2016-12-19T14:13:07Z" finished-at="2016-12-19T14:13:08Z">
          <reporter-output>
          </reporter-output>
        </test-method> <!-- tearDown -->
      </class> <!-- com.uolet.casos.teste.EfetuandoLoginValido -->
    </test> <!-- Default test -->
  </suite> <!-- Default suite -->
</testng-results>
