<?xml version="1.0" encoding="UTF-8"?>
<testng-results skipped="0" failed="0" ignored="0" total="1" passed="1">
  <reporter-output>
  </reporter-output>
  <suite name="Default suite" duration-ms="41402" started-at="2016-12-16T20:35:12Z" finished-at="2016-12-16T20:35:53Z">
    <groups>
    </groups>
    <test name="Default test" duration-ms="41402" started-at="2016-12-16T20:35:12Z" finished-at="2016-12-16T20:35:53Z">
      <class name="com.uolet.casos.teste.EfetuandoLoginValido">
        <test-method status="PASS" signature="antesTeste()[pri:0, instance:com.uolet.casos.teste.EfetuandoLoginValido@7d9d1a19]" name="antesTeste" is-config="true" duration-ms="30260" started-at="2016-12-16T18:35:12Z" finished-at="2016-12-16T18:35:42Z">
          <reporter-output>
          </reporter-output>
        </test-method> <!-- antesTeste -->
        <test-method status="PASS" signature="entrandoPaginaEditor()[pri:0, instance:com.uolet.casos.teste.EfetuandoLoginValido@7d9d1a19]" name="entrandoPaginaEditor" duration-ms="10966" started-at="2016-12-16T18:35:42Z" finished-at="2016-12-16T18:35:53Z">
          <reporter-output>
          </reporter-output>
        </test-method> <!-- entrandoPaginaEditor -->
        <test-method status="PASS" signature="tearDown()[pri:0, instance:com.uolet.casos.teste.EfetuandoLoginValido@7d9d1a19]" name="tearDown" is-config="true" duration-ms="132" started-at="2016-12-16T18:35:53Z" finished-at="2016-12-16T18:35:53Z">
          <reporter-output>
          </reporter-output>
        </test-method> <!-- tearDown -->
      </class> <!-- com.uolet.casos.teste.EfetuandoLoginValido -->
    </test> <!-- Default test -->
  </suite> <!-- Default suite -->
</testng-results>
